<?xml version="1.0" encoding="utf-8"?><testsuites name="pytest tests"><testsuite name="pytest" errors="0" failures="0" skipped="0" tests="2" time="8.784" timestamp="2026-08-29T10:06:20.986804+00:00" hostname="agent-env-ca7b4796-af03-4800-8918-ebd736ae3042"><testcase classname="tests.test_competition.TestKnowledgeStatusRegression" name="test_knowledge_list_and_search" time="2.687" /><testcase classname="tests.test_competition.TestGroundedPersistence" name="test_grounded_flag_survives_persistence" time="8.348" /></testsuite></testsuites>