<?xml version="1.0" encoding="utf-8"?><testsuites name="pytest tests"><testsuite name="pytest" errors="0" failures="0" skipped="0" tests="34" time="62.108" timestamp="2026-08-29T10:06:36.184119+00:00" hostname="agent-env-ca7b4796-af03-4800-8918-ebd736ae3042"><testcase classname="tests.backend_test.TestChatRag" name="test_grounded_pmkisan" time="8.569" /><testcase classname="tests.test_competition.TestTranslate" name="test_translate_en_to_hi" time="7.908" /><testcase classname="tests.test_competition.TestTranslate" name="test_translate_hi_to_en" time="5.300" /><testcase classname="tests.backend_test.TestChatRag" name="test_offtopic_not_grounded" time="7.200" /><testcase classname="tests.test_competition.TestTranslate" name="test_translate_empty_text_rejected" time="0.046" /><testcase classname="tests.test_competition.TestTranslate" name="test_translate_missing_text_rejected" time="0.044" /><testcase classname="tests.test_competition.TestTranslate" name="test_translate_default_target_is_en" time="2.797" /><testcase classname="tests.backend_test.TestChatRag" name="test_empty_message_validation" time="0.247" /><testcase classname="tests.backend_test.TestChatRag" name="test_hindi_question_returns_devanagari" time="15.633" /><testcase classname="tests.backend_test.TestKnowledge" name="test_list_knowledge" time="0.046" /><testcase classname="tests.backend_test.TestKnowledge" name="test_knowledge_domain_filter" time="0.044" /><testcase classname="tests.backend_test.TestKnowledge" name="test_domains" time="0.046" /><testcase classname="tests.backend_test.TestKnowledge" name="test_semantic_search_ranked" time="0.269" /><testcase classname="tests.backend_test.TestConversations" name="test_conversation_persisted_with_citations" time="19.004" /><testcase classname="tests.backend_test.TestHealthSystem" name="test_health" time="0.067" /><testcase classname="tests.backend_test.TestHealthSystem" name="test_system_status" time="0.102" /><testcase classname="tests.backend_test.TestHealthSystem" name="test_hardware_capabilities" time="0.062" /><testcase classname="tests.backend_test.TestVoice" name="test_tts" time="1.171" /><testcase classname="tests.backend_test.TestVoice" name="test_tts_empty_text" time="0.062" /><testcase classname="tests.backend_test.TestVoice" name="test_transcribe_empty_audio" time="0.179" /><testcase classname="tests.backend_test.TestDocuments" name="test_upload_and_list" time="0.487" /><testcase classname="tests.backend_test.TestDocuments" name="test_ask_document" time="7.962" /><testcase classname="tests.backend_test.TestConversations" name="test_get_unknown_conversation_404" time="0.044" /><testcase classname="tests.backend_test.TestConversations" name="test_search_conversations" time="0.045" /><testcase classname="tests.test_competition.TestTTS" name="test_speak_returns_audio" time="1.307" /><testcase classname="tests.test_competition.TestTTS" name="test_speak_empty_rejected" time="0.044" /><testcase classname="tests.test_competition.TestDocumentLifecycle" name="test_upload_ask_and_delete" time="6.780" /><testcase classname="tests.backend_test.TestDocuments" name="test_ask_unknown_document_404" time="0.070" /><testcase classname="tests.test_competition.TestGroundedPersistence" name="test_grounded_flag_survives_persistence" time="6.105" /><testcase classname="tests.test_competition.TestDocumentLifecycle" name="test_delete_nonexistent_document" time="0.045" /><testcase classname="tests.test_competition.TestKnowledgeStatusRegression" name="test_knowledge_list_and_search" time="0.326" /><testcase classname="tests.test_competition.TestKnowledgeStatusRegression" name="test_system_status" time="0.049" /><testcase classname="tests.test_competition.TestGroundedPersistence" name="test_hindi_grounded_and_devanagari" time="13.418" /><testcase classname="tests.backend_test.TestBookmarks" name="test_bookmark_crud" time="0.308" /></testsuite></testsuites>